0 info it worked if it ends with ok
1 verbose cli [ '/Users/scottfowles/.nvm/versions/node/v4.0.0/bin/node',
1 verbose cli   '/Users/scottfowles/.nvm/versions/node/v4.0.0/bin/npm',
1 verbose cli   'version',
1 verbose cli   'patch' ]
2 info using npm@2.14.2
3 info using node@v4.0.0
4 error version No valid package.json found
5 verbose stack SyntaxError: Unexpected token u
5 verbose stack     at Object.parse (native)
5 verbose stack     at ReadFileContext.<anonymous> (/Users/scottfowles/.nvm/versions/node/v4.0.0/lib/node_modules/npm/lib/version.js:35:19)
5 verbose stack     at ReadFileContext.callback (/Users/scottfowles/.nvm/versions/node/v4.0.0/lib/node_modules/npm/node_modules/graceful-fs/graceful-fs.js:76:16)
5 verbose stack     at FSReqWrap.readFileAfterOpen [as oncomplete] (fs.js:303:13)
6 verbose cwd /Users/scottfowles/Desktop/dev/dreamhost-css/dreamhost.css
7 error Darwin 15.6.0
8 error argv "/Users/scottfowles/.nvm/versions/node/v4.0.0/bin/node" "/Users/scottfowles/.nvm/versions/node/v4.0.0/bin/npm" "version" "patch"
9 error node v4.0.0
10 error npm  v2.14.2
11 error Unexpected token u
12 error If you need help, you may report this error at:
12 error     <https://github.com/npm/npm/issues>
13 verbose exit [ 1, true ]
