0 info it worked if it ends with ok
1 verbose cli [ '/Users/scottfowles/.nvm/versions/node/v4.0.0/bin/node',
1 verbose cli   '/Users/scottfowles/.nvm/versions/node/v4.0.0/bin/npm',
1 verbose cli   'publish' ]
2 info using npm@2.14.2
3 info using node@v4.0.0
4 verbose publish [ '.' ]
5 silly cache add args [ '.', null ]
6 verbose cache add spec .
7 silly cache add parsed spec Result {
7 silly cache add   raw: '.',
7 silly cache add   scope: null,
7 silly cache add   name: null,
7 silly cache add   rawSpec: '.',
7 silly cache add   spec: '/Users/scottfowles/Desktop/dev/dreamhost-css/dreamhost.css/framework',
7 silly cache add   type: 'directory' }
8 verbose addLocalDirectory /Users/scottfowles/.npm/dreamhost-css/0.0.14/package.tgz not in flight; packing
9 verbose tar pack [ '/Users/scottfowles/.npm/dreamhost-css/0.0.14/package.tgz',
9 verbose tar pack   '/Users/scottfowles/Desktop/dev/dreamhost-css/dreamhost.css/framework' ]
10 verbose tarball /Users/scottfowles/.npm/dreamhost-css/0.0.14/package.tgz
11 verbose folder /Users/scottfowles/Desktop/dev/dreamhost-css/dreamhost.css/framework
12 info prepublish dreamhost-css@0.0.14
13 verbose addLocalTarball adding from inside cache /Users/scottfowles/.npm/dreamhost-css/0.0.14/package.tgz
14 silly cache afterAdd dreamhost-css@0.0.14
15 verbose afterAdd /Users/scottfowles/.npm/dreamhost-css/0.0.14/package/package.json not in flight; writing
16 verbose afterAdd /Users/scottfowles/.npm/dreamhost-css/0.0.14/package/package.json written
17 silly publish { name: 'dreamhost-css',
17 silly publish   version: '0.0.14',
17 silly publish   description: 'DreamHost\'s CSS framework',
17 silly publish   repository:
17 silly publish    { type: 'git',
17 silly publish      url: 'git+https://github.com/dreamhost/dreamhost.css.git' },
17 silly publish   scripts: { version: 'gulp dist && git add -A' },
17 silly publish   devDependencies:
17 silly publish    { 'browser-sync': '2.18.1',
17 silly publish      gulp: '3.9',
17 silly publish      'gulp-autoprefixer': '^3.1.1',
17 silly publish      'gulp-clean-css': '2.0.13',
17 silly publish      'gulp-concat': '^2.6.1',
17 silly publish      'gulp-rename': '1.2.2',
17 silly publish      'gulp-sass': '^2.3.2',
17 silly publish      'gulp-stylelint': '^3.7.0',
17 silly publish      'gulp-uglify': '^2.0.1' },
17 silly publish   license: 'MIT',
17 silly publish   bugs: { url: 'https://github.com/dreamhost/dreamhost.css/issues' },
17 silly publish   readme: 'ERROR: No README data found!',
17 silly publish   homepage: 'https://github.com/dreamhost/dreamhost.css#readme',
17 silly publish   _id: 'dreamhost-css@0.0.14',
17 silly publish   _shasum: '13be43e3f155347a7dd9edbeae6e2c980a524a16',
17 silly publish   _from: '.' }
18 verbose getPublishConfig undefined
19 silly mapToRegistry name dreamhost-css
20 silly mapToRegistry using default registry
21 silly mapToRegistry registry https://registry.npmjs.org/
22 silly mapToRegistry uri https://registry.npmjs.org/dreamhost-css
23 verbose publish registryBase https://registry.npmjs.org/
24 silly publish uploading /Users/scottfowles/.npm/dreamhost-css/0.0.14/package.tgz
25 verbose request uri https://registry.npmjs.org/dreamhost-css
26 verbose request sending authorization for write operation
27 info attempt registry request try #1 at 8:29:35 AM
28 verbose request using bearer token for auth
29 verbose request id e14e30a969a194fd
30 http request PUT https://registry.npmjs.org/dreamhost-css
31 http 403 https://registry.npmjs.org/dreamhost-css
32 verbose headers { 'content-type': 'application/json',
32 verbose headers   'cache-control': 'max-age=300',
32 verbose headers   'content-length': '96',
32 verbose headers   'accept-ranges': 'bytes',
32 verbose headers   date: 'Wed, 29 Mar 2017 15:29:23 GMT',
32 verbose headers   via: '1.1 varnish',
32 verbose headers   connection: 'keep-alive',
32 verbose headers   'x-served-by': 'cache-sjc3151-SJC',
32 verbose headers   'x-cache': 'MISS',
32 verbose headers   'x-cache-hits': '0',
32 verbose headers   'x-timer': 'S1490801361.658247,VS0,VE1958',
32 verbose headers   vary: 'Accept-Encoding' }
33 verbose request invalidating /Users/scottfowles/.npm/registry.npmjs.org/dreamhost-css on PUT
34 error publish Failed PUT 403
35 verbose stack Error: "You cannot publish over the previously published version 0.0.14." : dreamhost-css
35 verbose stack     at makeError (/Users/scottfowles/.nvm/versions/node/v4.0.0/lib/node_modules/npm/node_modules/npm-registry-client/lib/request.js:263:12)
35 verbose stack     at CachingRegistryClient.<anonymous> (/Users/scottfowles/.nvm/versions/node/v4.0.0/lib/node_modules/npm/node_modules/npm-registry-client/lib/request.js:251:14)
35 verbose stack     at Request._callback (/Users/scottfowles/.nvm/versions/node/v4.0.0/lib/node_modules/npm/node_modules/npm-registry-client/lib/request.js:171:14)
35 verbose stack     at Request.self.callback (/Users/scottfowles/.nvm/versions/node/v4.0.0/lib/node_modules/npm/node_modules/request/request.js:198:22)
35 verbose stack     at emitTwo (events.js:87:13)
35 verbose stack     at Request.emit (events.js:172:7)
35 verbose stack     at Request.<anonymous> (/Users/scottfowles/.nvm/versions/node/v4.0.0/lib/node_modules/npm/node_modules/request/request.js:1073:14)
35 verbose stack     at emitOne (events.js:82:20)
35 verbose stack     at Request.emit (events.js:169:7)
35 verbose stack     at IncomingMessage.<anonymous> (/Users/scottfowles/.nvm/versions/node/v4.0.0/lib/node_modules/npm/node_modules/request/request.js:1019:12)
36 verbose statusCode 403
37 verbose pkgid dreamhost-css
38 verbose cwd /Users/scottfowles/Desktop/dev/dreamhost-css/dreamhost.css/framework
39 error Darwin 15.6.0
40 error argv "/Users/scottfowles/.nvm/versions/node/v4.0.0/bin/node" "/Users/scottfowles/.nvm/versions/node/v4.0.0/bin/npm" "publish"
41 error node v4.0.0
42 error npm  v2.14.2
43 error code E403
44 error "You cannot publish over the previously published version 0.0.14." : dreamhost-css
45 error If you need help, you may report this error at:
45 error     <https://github.com/npm/npm/issues>
46 verbose exit [ 1, true ]
